{
  "RSpec": {
    "coverage": {
      "/Users/wadenaughton/side_proj/practice/national_parks/NP_Activity_Findery/spec/facades/national_park_facade_spec.rb": {
        "lines": [
          1,
          1,
          null,
          1,
          1,
          null,
          1,
          1,
          1,
          null,
          null,
          null
        ]
      },
      "/Users/wadenaughton/side_proj/practice/national_parks/NP_Activity_Findery/spec/rails_helper.rb": {
        "lines": [
          null,
          1,
          1,
          1,
          null,
          1,
          1,
          null,
          null,
          null,
          null,
          null,
          null,
          null,
          null,
          null,
          null,
          null,
          null,
          null,
          null,
          null,
          null,
          null,
          null,
          null,
          null,
          1,
          null,
          0,
          0,
          null,
          1,
          null,
          1,
          null,
          null,
          null,
          null,
          1,
          null,
          null,
          null,
          null,
          null,
          null,
          null,
          null,
          null,
          null,
          null,
          null,
          null,
          null,
          null,
          null,
          null,
          1,
          null,
          null,
          1,
          null,
          null,
          null,
          null,
          1,
          1,
          1,
          1,
          null,
          null,
          1,
          1,
          1,
          1,
          1,
          1,
          null
        ]
      },
      "/Users/wadenaughton/side_proj/practice/national_parks/NP_Activity_Findery/config/environment.rb": {
        "lines": [
          null,
          1,
          null,
          null,
          1
        ]
      },
      "/Users/wadenaughton/side_proj/practice/national_parks/NP_Activity_Findery/config/application.rb": {
        "lines": [
          1,
          null,
          1,
          null,
          1,
          1,
          1,
          1,
          1,
          1,
          1,
          1,
          null,
          null,
          null,
          null,
          null,
          1,
          null,
          1,
          1,
          null,
          1,
          null,
          null,
          null,
          null,
          null,
          null,
          null,
          null,
          null,
          1,
          null,
          null
        ]
      },
      "/Users/wadenaughton/side_proj/practice/national_parks/NP_Activity_Findery/config/boot.rb": {
        "lines": [
          1,
          null,
          1,
          1
        ]
      },
      "/Users/wadenaughton/side_proj/practice/national_parks/NP_Activity_Findery/config/environments/test.rb": {
        "lines": [
          1,
          null,
          null,
          null,
          null,
          null,
          null,
          1,
          null,
          null,
          null,
          null,
          1,
          null,
          null,
          1,
          1,
          null,
          null,
          null,
          null,
          1,
          1,
          null,
          null,
          1,
          null,
          null,
          1,
          null,
          null,
          1,
          null,
          1,
          null,
          null,
          null,
          null,
          1,
          null,
          null,
          1,
          null,
          null,
          null,
          null
        ]
      },
      "/Users/wadenaughton/side_proj/practice/national_parks/NP_Activity_Findery/config/initializers/application_controller_renderer.rb": {
        "lines": [
          null,
          null,
          null,
          null,
          null,
          null,
          null,
          null
        ]
      },
      "/Users/wadenaughton/side_proj/practice/national_parks/NP_Activity_Findery/config/initializers/backtrace_silencers.rb": {
        "lines": [
          null,
          null,
          null,
          null,
          null,
          null,
          null
        ]
      },
      "/Users/wadenaughton/side_proj/practice/national_parks/NP_Activity_Findery/config/initializers/cors.rb": {
        "lines": [
          null,
          null,
          null,
          null,
          null,
          null,
          null,
          null,
          null,
          null,
          null,
          null,
          null,
          null,
          null,
          null
        ]
      },
      "/Users/wadenaughton/side_proj/practice/national_parks/NP_Activity_Findery/config/initializers/filter_parameter_logging.rb": {
        "lines": [
          null,
          null,
          null,
          1
        ]
      },
      "/Users/wadenaughton/side_proj/practice/national_parks/NP_Activity_Findery/config/initializers/inflections.rb": {
        "lines": [
          null,
          null,
          null,
          null,
          null,
          null,
          null,
          null,
          null,
          null,
          null,
          null,
          null,
          null,
          null,
          null
        ]
      },
      "/Users/wadenaughton/side_proj/practice/national_parks/NP_Activity_Findery/config/initializers/mime_types.rb": {
        "lines": [
          null,
          null,
          null,
          null
        ]
      },
      "/Users/wadenaughton/side_proj/practice/national_parks/NP_Activity_Findery/config/initializers/wrap_parameters.rb": {
        "lines": [
          null,
          null,
          null,
          null,
          null,
          null,
          1,
          1,
          null,
          null,
          null,
          null,
          null,
          null
        ]
      },
      "/Users/wadenaughton/side_proj/practice/national_parks/NP_Activity_Findery/config/routes.rb": {
        "lines": [
          1,
          null,
          null
        ]
      },
      "/Users/wadenaughton/side_proj/practice/national_parks/NP_Activity_Findery/app/facades/national_park_facade.rb": {
        "lines": [
          1,
          null,
          1,
          1,
          null,
          1,
          null,
          1,
          null,
          27,
          null,
          null,
          null,
          null,
          null
        ]
      },
      "/Users/wadenaughton/side_proj/practice/national_parks/NP_Activity_Findery/spec/poro/park_spec.rb": {
        "lines": [
          1,
          1,
          null,
          1,
          null,
          1,
          null,
          null,
          1,
          null,
          null,
          null,
          null,
          null,
          null,
          null,
          null,
          null,
          null,
          null,
          null,
          null,
          null,
          null,
          null,
          null,
          null,
          null,
          null,
          null,
          null,
          null,
          null,
          null,
          null,
          null,
          null,
          null,
          null,
          null,
          null,
          null,
          null,
          null,
          null,
          null,
          null,
          null,
          null,
          null,
          null,
          null,
          null,
          null,
          null,
          null,
          1,
          null,
          0,
          null,
          null,
          null,
          null
        ]
      },
      "/Users/wadenaughton/side_proj/practice/national_parks/NP_Activity_Findery/spec/services/national_parks_service_spec.rb": {
        "lines": [
          1,
          1,
          null,
          1,
          1,
          1,
          null,
          1,
          1,
          null,
          null,
          null
        ]
      },
      "/Users/wadenaughton/side_proj/practice/national_parks/NP_Activity_Findery/app/services/national_park_service.rb": {
        "lines": [
          1,
          null,
          1,
          2,
          2,
          2,
          null,
          null,
          null,
          null,
          1,
          2,
          2,
          null,
          2,
          null,
          null,
          null
        ]
      },
      "/Users/wadenaughton/side_proj/practice/national_parks/NP_Activity_Findery/app/poro/park.rb": {
        "lines": [
          1,
          null,
          1,
          null,
          1,
          null,
          28,
          28,
          28,
          28,
          28,
          null,
          null,
          28,
          28,
          28,
          27,
          27,
          27,
          null,
          null,
          null,
          null
        ]
      }
    },
    "timestamp": 1686154084
  }
}
